<?xml version="1.0" encoding="UTF-8"?>
<testng-results ignored="0" total="1" passed="1" failed="0" skipped="0">
  <reporter-output>
  </reporter-output>
  <suite started-at="2024-04-22T11:09:15 IST" name="Default suite" finished-at="2024-04-22T11:10:09 IST" duration-ms="53354">
    <groups>
    </groups>
    <test started-at="2024-04-22T11:09:15 IST" name="Default test" finished-at="2024-04-22T11:10:09 IST" duration-ms="53354">
      <class name="webapp.eqsakk">
        <test-method is-config="true" signature="t()[pri:0, instance:webapp.eqsakk@9353778]" started-at="2024-04-22T11:09:15 IST" name="t" finished-at="2024-04-22T11:09:29 IST" duration-ms="13622" status="PASS">
          <reporter-output>
          </reporter-output>
        </test-method> <!-- t -->
        <test-method signature="test1()[pri:0, instance:webapp.eqsakk@9353778]" started-at="2024-04-22T11:09:29 IST" name="test1" finished-at="2024-04-22T11:10:08 IST" duration-ms="39154" status="PASS">
          <reporter-output>
          </reporter-output>
        </test-method> <!-- test1 -->
        <test-method is-config="true" signature="at()[pri:0, instance:webapp.eqsakk@9353778]" started-at="2024-04-22T11:10:08 IST" name="at" finished-at="2024-04-22T11:10:09 IST" duration-ms="537" status="PASS">
          <reporter-output>
          </reporter-output>
        </test-method> <!-- at -->
      </class> <!-- webapp.eqsakk -->
    </test> <!-- Default test -->
  </suite> <!-- Default suite -->
</testng-results>
